<?xml version="1.0" encoding="UTF-8"?>
<testsuite xmlns:xsi="http://www.w3.org/2001/XMLSchema-instance" xsi:noNamespaceSchemaLocation="https://maven.apache.org/surefire/maven-surefire-plugin/xsd/surefire-test-report-3.0.xsd" version="3.0" name="runners.TestRunner" time="26.501" tests="3" errors="0" skipped="0" failures="2">
  <properties>
[...]
</properties>
  <testcase name="Successful login POST" classname="Login and Get Users API" time="11.586">
    <system-out><![CDATA[
@TC-POST-01
Scenario: Successful login POST # src/test/resources/features/login.feature:4
  Given user logs in            # definitions.LoginDefinitions.user_logs_in()
  When user gets users          # definitions.LoginDefinitions.user_gets_users()
  Then status is 200            # definitions.LoginDefinitions.status_is(java.lang.Integer)
]]></system-out>
    <system-err><![CDATA[SLF4J: Failed to load class "org.slf4j.impl.StaticLoggerBinder".
SLF4J: Defaulting to no-operation (NOP) logger implementation
SLF4J: See http://www.slf4j.org/codes.html#StaticLoggerBinder for further details.
]]></system-err>
  </testcase>
  <testcase name="Successful login and retrieve users PORT and GET" classname="Login and Get Users API" time="9.389">
    <failure message="expected:&lt;200&gt; but was:&lt;403&gt;" type="java.lang.AssertionError"><![CDATA[java.lang.AssertionError: expected:<200> but was:<403>
	at org.junit.Assert.fail(Assert.java:89)
	at org.junit.Assert.failNotEquals(Assert.java:835)
	at org.junit.Assert.assertEquals(Assert.java:647)
	at org.junit.Assert.assertEquals(Assert.java:633)
	at definitions.LoginDefinitions.status_is(LoginDefinitions.java:53)
	at ✽.status is 200(file:///Users/thaksinkhasaraj/api-automation-rest-assured-java-sdet/src/test/resources/features/login.feature:13)
]]></failure>
    <system-out><![CDATA[
@TC-POST-GET-02
Scenario: Successful login and retrieve users PORT and GET # src/test/resources/features/login.feature:10
  Given user logs in                                       # definitions.LoginDefinitions.user_logs_in()
  When user gets users                                     # definitions.LoginDefinitions.user_gets_users()
  Then status is 200                                       # definitions.LoginDefinitions.status_is(java.lang.Integer)
      java.lang.AssertionError: expected:<200> but was:<403>
	at org.junit.Assert.fail(Assert.java:89)
	at org.junit.Assert.failNotEquals(Assert.java:835)
	at org.junit.Assert.assertEquals(Assert.java:647)
	at org.junit.Assert.assertEquals(Assert.java:633)
	at definitions.LoginDefinitions.status_is(LoginDefinitions.java:53)
	at ✽.status is 200(file:///Users/thaksinkhasaraj/api-automation-rest-assured-java-sdet/src/test/resources/features/login.feature:13)

]]></system-out>
  </testcase>
  <testcase name="Login and get users with chaining and schema validation" classname="Login and Get Users API" time="4.566">
    <failure message="expected:&lt;200&gt; but was:&lt;403&gt;" type="java.lang.AssertionError"><![CDATA[java.lang.AssertionError: expected:<200> but was:<403>
	at org.junit.Assert.fail(Assert.java:89)
	at org.junit.Assert.failNotEquals(Assert.java:835)
	at org.junit.Assert.assertEquals(Assert.java:647)
	at org.junit.Assert.assertEquals(Assert.java:633)
	at definitions.LoginDefinitions.status_is(LoginDefinitions.java:53)
	at ✽.status is 200(file:///Users/thaksinkhasaraj/api-automation-rest-assured-java-sdet/src/test/resources/features/login.feature:19)
]]></failure>
    <system-out><![CDATA[
@TC-MATCH-USER-03
Scenario: Login and get users with chaining and schema validation # src/test/resources/features/login.feature:16
  Given user logs in                                              # definitions.LoginDefinitions.user_logs_in()
  When user gets users                                            # definitions.LoginDefinitions.user_gets_users()
  Then status is 200                                              # definitions.LoginDefinitions.status_is(java.lang.Integer)
      java.lang.AssertionError: expected:<200> but was:<403>
	at org.junit.Assert.fail(Assert.java:89)
	at org.junit.Assert.failNotEquals(Assert.java:835)
	at org.junit.Assert.assertEquals(Assert.java:647)
	at org.junit.Assert.assertEquals(Assert.java:633)
	at definitions.LoginDefinitions.status_is(LoginDefinitions.java:53)
	at ✽.status is 200(file:///Users/thaksinkhasaraj/api-automation-rest-assured-java-sdet/src/test/resources/features/login.feature:19)

  And response matches users schema                               # definitions.LoginDefinitions.response_matches_users_schema()
]]></system-out>
  </testcase>
</testsuite>